Running: C:\Xilinx\14.7\ISE_DS\ISE\bin\nt64\unwrapped\fuse.exe -intstyle ise -incremental -lib unisims_ver -lib unimacro_ver -lib xilinxcorelib_ver -lib secureip -o C:/Users/f/Desktop/rojina/madar Manteghi/project10/p10/tb_system_isim_beh.exe -prj C:/Users/f/Desktop/rojina/madar Manteghi/project10/p10/tb_system_beh.prj work.tb_system work.glbl 
ISim P.20131013 (signature 0x7708f090)
Number of CPUs detected in this system: 4
Turning on mult-threading, number of parallel sub-compilation jobs: 8 
Determining compilation order of HDL files
Analyzing Verilog file "C:/Users/f/Desktop/rojina/madar Manteghi/project10/p10/dff.v" into library work
Analyzing Verilog file "C:/Users/f/Desktop/rojina/madar Manteghi/project10/p10/register.v" into library work
Analyzing Verilog file "C:/Users/f/Desktop/rojina/madar Manteghi/project10/p10/fsm.v" into library work
Analyzing Verilog file "C:/Users/f/Desktop/rojina/madar Manteghi/project10/p10/system.v" into library work
Analyzing Verilog file "C:/Users/f/Desktop/rojina/madar Manteghi/project10/p10/tb_system.v" into library work
Analyzing Verilog file "C:/Xilinx/14.7/ISE_DS/ISE//verilog/src/glbl.v" into library work
Starting static elaboration
Completed static elaboration
Compiling module fsm
Compiling module dff
Compiling module register
Compiling module system
Compiling module tb_system
Compiling module glbl
Time Resolution for simulation is 1ps.
Waiting for 1 sub-compilation(s) to finish...
Compiled 6 Verilog Units
Built simulation executable C:/Users/f/Desktop/rojina/madar Manteghi/project10/p10/tb_system_isim_beh.exe
Fuse Memory Usage: 28020 KB
Fuse CPU Usage: 514 ms
