Running: C:\Xilinx\14.7\ISE_DS\ISE\bin\nt64\unwrapped\fuse.exe -intstyle ise -incremental -lib unisims_ver -lib unimacro_ver -lib xilinxcorelib_ver -lib secureip -o C:/Users/f/Desktop/rojina/madar Manteghi/Smart Home Management System/Module04/LightingSystem_tb_isim_beh.exe -prj C:/Users/f/Desktop/rojina/madar Manteghi/Smart Home Management System/Module04/LightingSystem_tb_beh.prj work.LightingSystem_tb work.glbl 
ISim P.20131013 (signature 0x7708f090)
Number of CPUs detected in this system: 4
Turning on mult-threading, number of parallel sub-compilation jobs: 8 
Determining compilation order of HDL files
Analyzing Verilog file "C:/Users/f/Desktop/rojina/madar Manteghi/Smart Home Management System/Module04/WindowShadeDegree.v" into library work
Analyzing Verilog file "C:/Users/f/Desktop/rojina/madar Manteghi/Smart Home Management System/Module04/LampState.v" into library work
Analyzing Verilog file "C:/Users/f/Desktop/rojina/madar Manteghi/Smart Home Management System/Module04/ActiveLamps.v" into library work
Analyzing Verilog file "C:/Users/f/Desktop/rojina/madar Manteghi/Smart Home Management System/Module04/LightingSystem.v" into library work
Analyzing Verilog file "C:/Users/f/Desktop/rojina/madar Manteghi/Smart Home Management System/Module04/LightingSystem_tb.v" into library work
Analyzing Verilog file "C:/Xilinx/14.7/ISE_DS/ISE//verilog/src/glbl.v" into library work
Starting static elaboration
Completed static elaboration
Compiling module ActiveLamps
Compiling module LampState
Compiling module Windowshade_regDegree
Compiling module LightingSystem
Compiling module LightingSystem_tb
Compiling module glbl
Time Resolution for simulation is 1ps.
Waiting for 1 sub-compilation(s) to finish...
Compiled 6 Verilog Units
Built simulation executable C:/Users/f/Desktop/rojina/madar Manteghi/Smart Home Management System/Module04/LightingSystem_tb_isim_beh.exe
Fuse Memory Usage: 27828 KB
Fuse CPU Usage: 499 ms
