Release 14.7 - xst P.20131013 (nt64)
Copyright (c) 1995-2013 Xilinx, Inc.  All rights reserved.
--> Parameter TMPDIR set to xst/projnav.tmp


Total REAL time to Xst completion: 0.00 secs
Total CPU time to Xst completion: 0.17 secs
 
--> Parameter xsthdpdir set to xst


Total REAL time to Xst completion: 0.00 secs
Total CPU time to Xst completion: 0.17 secs
 
--> Reading design: LightingSystem.prj

TABLE OF CONTENTS
  1) Synthesis Options Summary
  2) HDL Parsing
  3) HDL Elaboration
  4) HDL Synthesis
       4.1) HDL Synthesis Report
  5) Advanced HDL Synthesis
       5.1) Advanced HDL Synthesis Report
  6) Low Level Synthesis
  7) Partition Report
  8) Design Summary
       8.1) Primitive and Black Box Usage
       8.2) Device utilization summary
       8.3) Partition Resource Summary
       8.4) Timing Report
            8.4.1) Clock Information
            8.4.2) Asynchronous Control Signals Information
            8.4.3) Timing Summary
            8.4.4) Timing Details
            8.4.5) Cross Clock Domains Report


=========================================================================
*                      Synthesis Options Summary                        *
=========================================================================
---- Source Parameters
Input File Name                    : "LightingSystem.prj"
Ignore Synthesis Constraint File   : NO

---- Target Parameters
Output File Name                   : "LightingSystem"
Output Format                      : NGC
Target Device                      : xc6slx4-3-tqg144

---- Source Options
Top Module Name                    : LightingSystem
Automatic FSM Extraction           : YES
FSM Encoding Algorithm             : Auto
Safe Implementation                : No
FSM Style                          : LUT
RAM Extraction                     : Yes
RAM Style                          : Auto
ROM Extraction                     : Yes
Shift Register Extraction          : YES
ROM Style                          : Auto
Resource Sharing                   : YES
Asynchronous To Synchronous        : NO
Shift Register Minimum Size        : 2
Use DSP Block                      : Auto
Automatic Register Balancing       : No

---- Target Options
LUT Combining                      : Auto
Reduce Control Sets                : Auto
Add IO Buffers                     : YES
Global Maximum Fanout              : 100000
Add Generic Clock Buffer(BUFG)     : 16
Register Duplication               : YES
Optimize Instantiated Primitives   : NO
Use Clock Enable                   : Auto
Use Synchronous Set                : Auto
Use Synchronous Reset              : Auto
Pack IO Registers into IOBs        : Auto
Equivalent register Removal        : YES

---- General Options
Optimization Goal                  : Speed
Optimization Effort                : 1
Power Reduction                    : NO
Keep Hierarchy                     : No
Netlist Hierarchy                  : As_Optimized
RTL Output                         : Yes
Global Optimization                : AllClockNets
Read Cores                         : YES
Write Timing Constraints           : NO
Cross Clock Analysis               : NO
Hierarchy Separator                : /
Bus Delimiter                      : <>
Case Specifier                     : Maintain
Slice Utilization Ratio            : 100
BRAM Utilization Ratio             : 100
DSP48 Utilization Ratio            : 100
Auto BRAM Packing                  : NO
Slice Utilization Ratio Delta      : 5

=========================================================================


=========================================================================
*                          HDL Parsing                                  *
=========================================================================
Analyzing Verilog file "C:\Users\f\Desktop\rojina\madar Manteghi\Smart Home Management System\Module04\WindowShadeDegree.v" into library work
Parsing module <Windowshade_regDegree>.
Analyzing Verilog file "C:\Users\f\Desktop\rojina\madar Manteghi\Smart Home Management System\Module04\LampState.v" into library work
Parsing module <LampState>.
Analyzing Verilog file "C:\Users\f\Desktop\rojina\madar Manteghi\Smart Home Management System\Module04\ActiveLamps.v" into library work
Parsing module <ActiveLamps>.
Analyzing Verilog file "C:\Users\f\Desktop\rojina\madar Manteghi\Smart Home Management System\Module04\LightingSystem.v" into library work
Parsing module <LightingSystem>.

=========================================================================
*                            HDL Elaboration                            *
=========================================================================

Elaborating module <LightingSystem>.

Elaborating module <ActiveLamps>.

Elaborating module <LampState>.

Elaborating module <Windowshade_regDegree>.

=========================================================================
*                           HDL Synthesis                               *
=========================================================================

Synthesizing Unit <LightingSystem>.
    Related source file is "C:\Users\f\Desktop\rojina\madar Manteghi\Smart Home Management System\Module04\LightingSystem.v".
    Summary:
	no macro.
Unit <LightingSystem> synthesized.

Synthesizing Unit <ActiveLamps>.
    Related source file is "C:\Users\f\Desktop\rojina\madar Manteghi\Smart Home Management System\Module04\ActiveLamps.v".
    Found 4x4-bit multiplier for signal <lenght[3]_lenght[3]_MuLt_1_OUT> created at line 35.
    Summary:
	inferred   1 Multiplier(s).
Unit <ActiveLamps> synthesized.

Synthesizing Unit <div_8u_6u>.
    Related source file is "".
    Found 14-bit adder for signal <n0263> created at line 0.
    Found 14-bit adder for signal <GND_4_o_b[5]_add_1_OUT> created at line 0.
    Found 13-bit adder for signal <n0267> created at line 0.
    Found 13-bit adder for signal <GND_4_o_b[5]_add_3_OUT> created at line 0.
    Found 12-bit adder for signal <n0271> created at line 0.
    Found 12-bit adder for signal <GND_4_o_b[5]_add_5_OUT> created at line 0.
    Found 11-bit adder for signal <n0275> created at line 0.
    Found 11-bit adder for signal <GND_4_o_b[5]_add_7_OUT> created at line 0.
    Found 10-bit adder for signal <n0279> created at line 0.
    Found 10-bit adder for signal <GND_4_o_b[5]_add_9_OUT> created at line 0.
    Found 9-bit adder for signal <n0283> created at line 0.
    Found 9-bit adder for signal <GND_4_o_b[5]_add_11_OUT> created at line 0.
    Found 8-bit adder for signal <n0287> created at line 0.
    Found 8-bit adder for signal <a[7]_b[5]_add_13_OUT[7:0]> created at line 0.
    Found 8-bit adder for signal <n0291> created at line 0.
    Found 8-bit adder for signal <a[7]_GND_4_o_add_15_OUT[7:0]> created at line 0.
    Found 14-bit comparator lessequal for signal <BUS_0001> created at line 0
    Found 13-bit comparator lessequal for signal <BUS_0002> created at line 0
    Found 12-bit comparator lessequal for signal <BUS_0003> created at line 0
    Found 11-bit comparator lessequal for signal <BUS_0004> created at line 0
    Found 10-bit comparator lessequal for signal <BUS_0005> created at line 0
    Found 9-bit comparator lessequal for signal <BUS_0006> created at line 0
    Found 8-bit comparator lessequal for signal <BUS_0007> created at line 0
    Found 8-bit comparator lessequal for signal <BUS_0008> created at line 0
    Found 8-bit comparator lessequal for signal <BUS_0009> created at line 0
    Summary:
	inferred  16 Adder/Subtractor(s).
	inferred   9 Comparator(s).
	inferred  43 Multiplexer(s).
Unit <div_8u_6u> synthesized.

Synthesizing Unit <LampState>.
    Related source file is "C:\Users\f\Desktop\rojina\madar Manteghi\Smart Home Management System\Module04\LampState.v".
    Found 4-bit comparator lessequal for signal <GND_5_o_active_lights[3]_LessThan_1_o> created at line 33
    Found 4-bit comparator lessequal for signal <GND_5_o_active_lights[3]_LessThan_2_o> created at line 33
    Found 4-bit comparator lessequal for signal <GND_5_o_active_lights[3]_LessThan_5_o> created at line 33
    Found 4-bit comparator lessequal for signal <GND_5_o_active_lights[3]_LessThan_8_o> created at line 33
    Found 4-bit comparator lessequal for signal <GND_5_o_active_lights[3]_LessThan_11_o> created at line 33
    Found 4-bit comparator lessequal for signal <GND_5_o_active_lights[3]_LessThan_14_o> created at line 33
    Found 4-bit comparator lessequal for signal <GND_5_o_active_lights[3]_LessThan_17_o> created at line 33
    Found 4-bit comparator lessequal for signal <GND_5_o_active_lights[3]_LessThan_20_o> created at line 33
    Found 4-bit comparator lessequal for signal <PWR_4_o_active_lights[3]_LessThan_23_o> created at line 33
    Found 4-bit comparator lessequal for signal <PWR_4_o_active_lights[3]_LessThan_26_o> created at line 33
    Found 4-bit comparator lessequal for signal <PWR_4_o_active_lights[3]_LessThan_29_o> created at line 33
    Found 4-bit comparator lessequal for signal <PWR_4_o_active_lights[3]_LessThan_32_o> created at line 33
    Found 4-bit comparator lessequal for signal <PWR_4_o_active_lights[3]_LessThan_35_o> created at line 33
    Found 4-bit comparator lessequal for signal <PWR_4_o_active_lights[3]_LessThan_38_o> created at line 33
    Found 4-bit comparator lessequal for signal <PWR_4_o_active_lights[3]_LessThan_41_o> created at line 33
    Summary:
	inferred  15 Comparator(s).
	inferred  14 Multiplexer(s).
Unit <LampState> synthesized.

Synthesizing Unit <Windowshade_regDegree>.
    Related source file is "C:\Users\f\Desktop\rojina\madar Manteghi\Smart Home Management System\Module04\WindowShadeDegree.v".
    Summary:
	no macro.
Unit <Windowshade_regDegree> synthesized.

=========================================================================
HDL Synthesis Report

Macro Statistics
# Multipliers                                          : 1
 4x4-bit multiplier                                    : 1
# Adders/Subtractors                                   : 16
 10-bit adder                                          : 2
 11-bit adder                                          : 2
 12-bit adder                                          : 2
 13-bit adder                                          : 2
 14-bit adder                                          : 2
 8-bit adder                                           : 4
 9-bit adder                                           : 2
# Comparators                                          : 24
 10-bit comparator lessequal                           : 1
 11-bit comparator lessequal                           : 1
 12-bit comparator lessequal                           : 1
 13-bit comparator lessequal                           : 1
 14-bit comparator lessequal                           : 1
 4-bit comparator lessequal                            : 15
 8-bit comparator lessequal                            : 3
 9-bit comparator lessequal                            : 1
# Multiplexers                                         : 57
 1-bit 2-to-1 multiplexer                              : 40
 16-bit 2-to-1 multiplexer                             : 14
 8-bit 2-to-1 multiplexer                              : 3

=========================================================================

=========================================================================
*                       Advanced HDL Synthesis                          *
=========================================================================


=========================================================================
Advanced HDL Synthesis Report

Macro Statistics
# Multipliers                                          : 1
 4x4-bit multiplier                                    : 1
# Adders/Subtractors                                   : 8
 8-bit adder carry in                                  : 8
# Comparators                                          : 24
 10-bit comparator lessequal                           : 1
 11-bit comparator lessequal                           : 1
 12-bit comparator lessequal                           : 1
 13-bit comparator lessequal                           : 1
 14-bit comparator lessequal                           : 1
 4-bit comparator lessequal                            : 15
 8-bit comparator lessequal                            : 3
 9-bit comparator lessequal                            : 1
# Multiplexers                                         : 57
 1-bit 2-to-1 multiplexer                              : 40
 16-bit 2-to-1 multiplexer                             : 14
 8-bit 2-to-1 multiplexer                              : 3

=========================================================================

=========================================================================
*                         Low Level Synthesis                           *
=========================================================================

Optimizing unit <LightingSystem> ...

Optimizing unit <ActiveLamps> ...

Optimizing unit <div_8u_6u> ...

Optimizing unit <LampState> ...

Mapping all equations...
Building and optimizing final netlist ...
Found area constraint ratio of 100 (+ 5) on block LightingSystem, actual ratio is 3.

Final Macro Processing ...

=========================================================================
Final Register Report

Found no macro
=========================================================================

=========================================================================
*                           Partition Report                            *
=========================================================================

Partition Implementation Status
-------------------------------

  No Partitions were found in this design.

-------------------------------

=========================================================================
*                            Design Summary                             *
=========================================================================

Top Level Output File Name         : LightingSystem.ngc

Primitive and Black Box Usage:
------------------------------
# BELS                             : 26
#      GND                         : 1
#      LUT2                        : 2
#      LUT3                        : 4
#      LUT4                        : 11
#      LUT5                        : 4
#      LUT6                        : 4
# IO Buffers                       : 36
#      IBUF                        : 12
#      OBUF                        : 24

Device utilization summary:
---------------------------

Selected Device : 6slx4tqg144-3 


Slice Logic Utilization: 
 Number of Slice LUTs:                   25  out of   2400     1%  
    Number used as Logic:                25  out of   2400     1%  

Slice Logic Distribution: 
 Number of LUT Flip Flop pairs used:     25
   Number with an unused Flip Flop:      25  out of     25   100%  
   Number with an unused LUT:             0  out of     25     0%  
   Number of fully used LUT-FF pairs:     0  out of     25     0%  
   Number of unique control sets:         0

IO Utilization: 
 Number of IOs:                          36
 Number of bonded IOBs:                  36  out of    102    35%  

Specific Feature Utilization:

---------------------------
Partition Resource Summary:
---------------------------

  No Partitions were found in this design.

---------------------------


=========================================================================
Timing Report

NOTE: THESE TIMING NUMBERS ARE ONLY A SYNTHESIS ESTIMATE.
      FOR ACCURATE TIMING INFORMATION PLEASE REFER TO THE TRACE REPORT
      GENERATED AFTER PLACE-and-ROUTE.

Clock Information:
------------------
No clock signals found in this design

Asynchronous Control Signals Information:
----------------------------------------
No asynchronous control signals found in this design

Timing Summary:
---------------
Speed Grade: -3

   Minimum period: No path found
   Minimum input arrival time before clock: No path found
   Maximum output required time after clock: No path found
   Maximum combinational path delay: 7.852ns

Timing Details:
---------------
All values displayed in nanoseconds (ns)

=========================================================================
Timing constraint: Default path analysis
  Total number of paths / destination ports: 497 / 23
-------------------------------------------------------------------------
Delay:               7.852ns (Levels of Logic = 5)
  Source:            lenght<3> (PAD)
  Destination:       lightstate<10> (PAD)

  Data Path: lenght<3> to lightstate<10>
                                Gate     Net
    Cell:in->out      fanout   Delay   Delay  Logical Name (Net Name)
    ----------------------------------------  ------------
     IBUF:I->O             3   1.222   0.898  lenght_3_IBUF (lenght_3_IBUF)
     LUT4:I0->O            2   0.203   0.721  ActiveLamps/lenght[3]_lenght[3]_div_2/o<3>11 (ActiveLamps/area_circumference<2>)
     LUT6:I4->O           16   0.203   1.252  ActiveLamps/active_lights_reg<1>1 (lightnum_3_OBUF)
     LUT4:I0->O            1   0.203   0.579  LampState/Mmux_lights_state141 (lightstate_8_OBUF)
     OBUF:I->O                 2.571          lightstate_8_OBUF (lightstate<8>)
    ----------------------------------------
    Total                      7.852ns (4.402ns logic, 3.450ns route)
                                       (56.1% logic, 43.9% route)

=========================================================================

Cross Clock Domains Report:
--------------------------

=========================================================================


Total REAL time to Xst completion: 8.00 secs
Total CPU time to Xst completion: 7.98 secs
 
--> 

Total memory usage is 4485724 kilobytes

Number of errors   :    0 (   0 filtered)
Number of warnings :    0 (   0 filtered)
Number of infos    :    0 (   0 filtered)

