ISim log file
Running: G:\prgs\prjs\tamrin\nikta\Module06\MemoryUnit_isim_beh.exe -intstyle ise -gui -tclbatch isim.cmd -wdb G:/prgs/prjs/tamrin/nikta/Module06/MemoryUnit_isim_beh.wdb 
ISim P.20131013 (signature 0x7708f090)
This is a Full version of ISim.
Time resolution is 1 ps
# onerror resume
# wave add /
# run 1000 ns
Simulator is doing circuit initialization process.
Finished circuit initialization process.
# isim force add /MemoryUnit/arst 0 -radix bin -cancel 0 fs
# run 1.00us
# isim force add /MemoryUnit/arst 1 -radix bin
# isim force add /MemoryUnit/clk 0 -radix bin -value 1 -radix bin -time 500 ns -repeat 1 us -cancel 0 fs
# isim force add /MemoryUnit/wren 0 -radix bin
# run 1.00us
# isim force add /MemoryUnit/din 11111111111111111111111111111111111 -radix bin
# isim force add /MemoryUnit/arst 0 -radix bin
# isim force add /MemoryUnit/wren 1 -radix bin
# run 1.00us
