Running: C:\Xilinx\14.7\ISE_DS\ISE\bin\nt64\unwrapped\fuse.exe -intstyle ise -incremental -lib unisims_ver -lib unimacro_ver -lib xilinxcorelib_ver -lib secureip -o C:/Users/f/Desktop/rojina/madar Manteghi/p9/project9/tb_seq_circuit_isim_beh.exe -prj C:/Users/f/Desktop/rojina/madar Manteghi/p9/project9/tb_seq_circuit_beh.prj work.tb_seq_circuit work.glbl 
ISim P.20131013 (signature 0x7708f090)
Number of CPUs detected in this system: 4
Turning on mult-threading, number of parallel sub-compilation jobs: 8 
Determining compilation order of HDL files
Analyzing Verilog file "C:/Users/f/Desktop/rojina/madar Manteghi/p9/project9/dflop_negedge.v" into library work
Analyzing Verilog file "C:/Users/f/Desktop/rojina/madar Manteghi/p9/project9/seq_circuit.v" into library work
Analyzing Verilog file "C:/Users/f/Desktop/rojina/madar Manteghi/p9/project9/tb_seq_circuit.v" into library work
Analyzing Verilog file "C:/Xilinx/14.7/ISE_DS/ISE//verilog/src/glbl.v" into library work
Starting static elaboration
Completed static elaboration
Compiling module dflop_negedge
Compiling module seq_circuit
Compiling module tb_seq_circuit
Compiling module glbl
Time Resolution for simulation is 1ps.
Waiting for 1 sub-compilation(s) to finish...
Compiled 4 Verilog Units
Built simulation executable C:/Users/f/Desktop/rojina/madar Manteghi/p9/project9/tb_seq_circuit_isim_beh.exe
Fuse Memory Usage: 27804 KB
Fuse CPU Usage: 421 ms
