Running: C:\Xilinx\14.7\ISE_DS\ISE\bin\nt64\unwrapped\fuse.exe -intstyle ise -incremental -lib unisims_ver -lib unimacro_ver -lib xilinxcorelib_ver -lib secureip -o C:/Users/f/Desktop/rojina/madar Manteghi/p8/project8/tb_alu_isim_beh.exe -prj C:/Users/f/Desktop/rojina/madar Manteghi/p8/project8/tb_alu_beh.prj work.tb_alu work.glbl 
ISim P.20131013 (signature 0x7708f090)
Number of CPUs detected in this system: 4
Turning on mult-threading, number of parallel sub-compilation jobs: 8 
Determining compilation order of HDL files
Analyzing Verilog file "C:/Users/f/Desktop/rojina/madar Manteghi/p8/project8/multiplexer.v" into library work
Analyzing Verilog file "C:/Users/f/Desktop/rojina/madar Manteghi/p8/project8/halfAdder.v" into library work
Analyzing Verilog file "C:/Users/f/Desktop/rojina/madar Manteghi/p8/project8/alu.v" into library work
Analyzing Verilog file "C:/Users/f/Desktop/rojina/madar Manteghi/p8/project8/tb_alu.v" into library work
Analyzing Verilog file "C:/Xilinx/14.7/ISE_DS/ISE//verilog/src/glbl.v" into library work
Starting static elaboration
Completed static elaboration
Compiling module halfAdder
Compiling module multiplexer
Compiling module alu
Compiling module tb_alu
Compiling module glbl
Time Resolution for simulation is 1ps.
Waiting for 1 sub-compilation(s) to finish...
Compiled 5 Verilog Units
Built simulation executable C:/Users/f/Desktop/rojina/madar Manteghi/p8/project8/tb_alu_isim_beh.exe
Fuse Memory Usage: 27992 KB
Fuse CPU Usage: 499 ms
