Release 14.7 - xst P.20131013 (nt64)
Copyright (c) 1995-2013 Xilinx, Inc.  All rights reserved.
--> Parameter TMPDIR set to xst/projnav.tmp


Total REAL time to Xst completion: 1.00 secs
Total CPU time to Xst completion: 0.19 secs
 
--> Parameter xsthdpdir set to xst


Total REAL time to Xst completion: 1.00 secs
Total CPU time to Xst completion: 0.19 secs
 
--> Reading design: AdderSubtractor32x32.prj

TABLE OF CONTENTS
  1) Synthesis Options Summary
  2) HDL Parsing
  3) HDL Elaboration
  4) HDL Synthesis
       4.1) HDL Synthesis Report
  5) Advanced HDL Synthesis
       5.1) Advanced HDL Synthesis Report
  6) Low Level Synthesis
  7) Partition Report
  8) Design Summary
       8.1) Primitive and Black Box Usage
       8.2) Device utilization summary
       8.3) Partition Resource Summary
       8.4) Timing Report
            8.4.1) Clock Information
            8.4.2) Asynchronous Control Signals Information
            8.4.3) Timing Summary
            8.4.4) Timing Details
            8.4.5) Cross Clock Domains Report


=========================================================================
*                      Synthesis Options Summary                        *
=========================================================================
---- Source Parameters
Input File Name                    : "AdderSubtractor32x32.prj"
Ignore Synthesis Constraint File   : NO

---- Target Parameters
Output File Name                   : "AdderSubtractor32x32"
Output Format                      : NGC
Target Device                      : xc6slx4-3-tqg144

---- Source Options
Top Module Name                    : AdderSubtractor32x32
Automatic FSM Extraction           : YES
FSM Encoding Algorithm             : Auto
Safe Implementation                : No
FSM Style                          : LUT
RAM Extraction                     : Yes
RAM Style                          : Auto
ROM Extraction                     : Yes
Shift Register Extraction          : YES
ROM Style                          : Auto
Resource Sharing                   : YES
Asynchronous To Synchronous        : NO
Shift Register Minimum Size        : 2
Use DSP Block                      : Auto
Automatic Register Balancing       : No

---- Target Options
LUT Combining                      : Auto
Reduce Control Sets                : Auto
Add IO Buffers                     : YES
Global Maximum Fanout              : 100000
Add Generic Clock Buffer(BUFG)     : 16
Register Duplication               : YES
Optimize Instantiated Primitives   : NO
Use Clock Enable                   : Auto
Use Synchronous Set                : Auto
Use Synchronous Reset              : Auto
Pack IO Registers into IOBs        : Auto
Equivalent register Removal        : YES

---- General Options
Optimization Goal                  : Speed
Optimization Effort                : 1
Power Reduction                    : NO
Keep Hierarchy                     : No
Netlist Hierarchy                  : As_Optimized
RTL Output                         : Yes
Global Optimization                : AllClockNets
Read Cores                         : YES
Write Timing Constraints           : NO
Cross Clock Analysis               : NO
Hierarchy Separator                : /
Bus Delimiter                      : <>
Case Specifier                     : Maintain
Slice Utilization Ratio            : 100
BRAM Utilization Ratio             : 100
DSP48 Utilization Ratio            : 100
Auto BRAM Packing                  : NO
Slice Utilization Ratio Delta      : 5

=========================================================================


=========================================================================
*                          HDL Parsing                                  *
=========================================================================
Analyzing Verilog file "C:\Users\f\Desktop\rojina\madar Manteghi\Smart Home Management System\Module01\AdderSubtractor32bit.v" into library work
Parsing module <AdderSubtractor32x32>.

=========================================================================
*                            HDL Elaboration                            *
=========================================================================

Elaborating module <AdderSubtractor32x32>.

=========================================================================
*                           HDL Synthesis                               *
=========================================================================

Synthesizing Unit <AdderSubtractor32x32>.
    Related source file is "C:\Users\f\Desktop\rojina\madar Manteghi\Smart Home Management System\Module01\AdderSubtractor32bit.v".
    Found 32-bit subtractor for signal <A[31]_B[31]_sub_1_OUT> created at line 31.
    Found 32-bit adder for signal <A[31]_B[31]_add_1_OUT> created at line 31.
    Summary:
	inferred   1 Adder/Subtractor(s).
Unit <AdderSubtractor32x32> synthesized.

=========================================================================
HDL Synthesis Report

Macro Statistics
# Adders/Subtractors                                   : 1
 32-bit addsub                                         : 1

=========================================================================

=========================================================================
*                       Advanced HDL Synthesis                          *
=========================================================================


=========================================================================
Advanced HDL Synthesis Report

Macro Statistics
# Adders/Subtractors                                   : 1
 32-bit addsub                                         : 1

=========================================================================

=========================================================================
*                         Low Level Synthesis                           *
=========================================================================

Optimizing unit <AdderSubtractor32x32> ...

Mapping all equations...
Building and optimizing final netlist ...
Found area constraint ratio of 100 (+ 5) on block AdderSubtractor32x32, actual ratio is 1.

Final Macro Processing ...

=========================================================================
Final Register Report

Found no macro
=========================================================================

=========================================================================
*                           Partition Report                            *
=========================================================================

Partition Implementation Status
-------------------------------

  No Partitions were found in this design.

-------------------------------

=========================================================================
*                            Design Summary                             *
=========================================================================

Top Level Output File Name         : AdderSubtractor32x32.ngc

Primitive and Black Box Usage:
------------------------------
# BELS                             : 95
#      LUT3                        : 32
#      MUXCY                       : 31
#      XORCY                       : 32
# IO Buffers                       : 97
#      IBUF                        : 65
#      OBUF                        : 32

Device utilization summary:
---------------------------

Selected Device : 6slx4tqg144-3 


Slice Logic Utilization: 
 Number of Slice LUTs:                   32  out of   2400     1%  
    Number used as Logic:                32  out of   2400     1%  

Slice Logic Distribution: 
 Number of LUT Flip Flop pairs used:     32
   Number with an unused Flip Flop:      32  out of     32   100%  
   Number with an unused LUT:             0  out of     32     0%  
   Number of fully used LUT-FF pairs:     0  out of     32     0%  
   Number of unique control sets:         0

IO Utilization: 
 Number of IOs:                          97
 Number of bonded IOBs:                  97  out of    102    95%  

Specific Feature Utilization:

---------------------------
Partition Resource Summary:
---------------------------

  No Partitions were found in this design.

---------------------------


=========================================================================
Timing Report

NOTE: THESE TIMING NUMBERS ARE ONLY A SYNTHESIS ESTIMATE.
      FOR ACCURATE TIMING INFORMATION PLEASE REFER TO THE TRACE REPORT
      GENERATED AFTER PLACE-and-ROUTE.

Clock Information:
------------------
No clock signals found in this design

Asynchronous Control Signals Information:
----------------------------------------
No asynchronous control signals found in this design

Timing Summary:
---------------
Speed Grade: -3

   Minimum period: No path found
   Minimum input arrival time before clock: No path found
   Maximum output required time after clock: No path found
   Maximum combinational path delay: 6.805ns

Timing Details:
---------------
All values displayed in nanoseconds (ns)

=========================================================================
Timing constraint: Default path analysis
  Total number of paths / destination ports: 2112 / 32
-------------------------------------------------------------------------
Delay:               6.805ns (Levels of Logic = 35)
  Source:            sel (PAD)
  Destination:       S<31> (PAD)

  Data Path: sel to S<31>
                                Gate     Net
    Cell:in->out      fanout   Delay   Delay  Logical Name (Net Name)
    ----------------------------------------  ------------
     IBUF:I->O            33   1.222   1.306  sel_IBUF (sel1)
     LUT3:I2->O            1   0.205   0.000  Maddsub_S_lut<0> (Maddsub_S_lut<0>)
     MUXCY:S->O            1   0.172   0.000  Maddsub_S_cy<0> (Maddsub_S_cy<0>)
     MUXCY:CI->O           1   0.019   0.000  Maddsub_S_cy<1> (Maddsub_S_cy<1>)
     MUXCY:CI->O           1   0.019   0.000  Maddsub_S_cy<2> (Maddsub_S_cy<2>)
     MUXCY:CI->O           1   0.019   0.000  Maddsub_S_cy<3> (Maddsub_S_cy<3>)
     MUXCY:CI->O           1   0.019   0.000  Maddsub_S_cy<4> (Maddsub_S_cy<4>)
     MUXCY:CI->O           1   0.019   0.000  Maddsub_S_cy<5> (Maddsub_S_cy<5>)
     MUXCY:CI->O           1   0.019   0.000  Maddsub_S_cy<6> (Maddsub_S_cy<6>)
     MUXCY:CI->O           1   0.019   0.000  Maddsub_S_cy<7> (Maddsub_S_cy<7>)
     MUXCY:CI->O           1   0.019   0.000  Maddsub_S_cy<8> (Maddsub_S_cy<8>)
     MUXCY:CI->O           1   0.019   0.000  Maddsub_S_cy<9> (Maddsub_S_cy<9>)
     MUXCY:CI->O           1   0.019   0.000  Maddsub_S_cy<10> (Maddsub_S_cy<10>)
     MUXCY:CI->O           1   0.019   0.000  Maddsub_S_cy<11> (Maddsub_S_cy<11>)
     MUXCY:CI->O           1   0.019   0.000  Maddsub_S_cy<12> (Maddsub_S_cy<12>)
     MUXCY:CI->O           1   0.019   0.000  Maddsub_S_cy<13> (Maddsub_S_cy<13>)
     MUXCY:CI->O           1   0.019   0.000  Maddsub_S_cy<14> (Maddsub_S_cy<14>)
     MUXCY:CI->O           1   0.019   0.000  Maddsub_S_cy<15> (Maddsub_S_cy<15>)
     MUXCY:CI->O           1   0.019   0.000  Maddsub_S_cy<16> (Maddsub_S_cy<16>)
     MUXCY:CI->O           1   0.019   0.000  Maddsub_S_cy<17> (Maddsub_S_cy<17>)
     MUXCY:CI->O           1   0.019   0.000  Maddsub_S_cy<18> (Maddsub_S_cy<18>)
     MUXCY:CI->O           1   0.019   0.000  Maddsub_S_cy<19> (Maddsub_S_cy<19>)
     MUXCY:CI->O           1   0.019   0.000  Maddsub_S_cy<20> (Maddsub_S_cy<20>)
     MUXCY:CI->O           1   0.019   0.000  Maddsub_S_cy<21> (Maddsub_S_cy<21>)
     MUXCY:CI->O           1   0.019   0.000  Maddsub_S_cy<22> (Maddsub_S_cy<22>)
     MUXCY:CI->O           1   0.019   0.000  Maddsub_S_cy<23> (Maddsub_S_cy<23>)
     MUXCY:CI->O           1   0.019   0.000  Maddsub_S_cy<24> (Maddsub_S_cy<24>)
     MUXCY:CI->O           1   0.019   0.000  Maddsub_S_cy<25> (Maddsub_S_cy<25>)
     MUXCY:CI->O           1   0.019   0.000  Maddsub_S_cy<26> (Maddsub_S_cy<26>)
     MUXCY:CI->O           1   0.019   0.000  Maddsub_S_cy<27> (Maddsub_S_cy<27>)
     MUXCY:CI->O           1   0.019   0.000  Maddsub_S_cy<28> (Maddsub_S_cy<28>)
     MUXCY:CI->O           1   0.019   0.000  Maddsub_S_cy<29> (Maddsub_S_cy<29>)
     MUXCY:CI->O           0   0.019   0.000  Maddsub_S_cy<30> (Maddsub_S_cy<30>)
     XORCY:CI->O           1   0.180   0.579  Maddsub_S_xor<31> (S_31_OBUF)
     OBUF:I->O                 2.571          S_31_OBUF (S<31>)
    ----------------------------------------
    Total                      6.805ns (4.920ns logic, 1.885ns route)
                                       (72.3% logic, 27.7% route)

=========================================================================

Cross Clock Domains Report:
--------------------------

=========================================================================


Total REAL time to Xst completion: 6.00 secs
Total CPU time to Xst completion: 5.89 secs
 
--> 

Total memory usage is 4485724 kilobytes

Number of errors   :    0 (   0 filtered)
Number of warnings :    0 (   0 filtered)
Number of infos    :    0 (   0 filtered)

