Release 14.7 - xst P.20131013 (nt64)
Copyright (c) 1995-2013 Xilinx, Inc.  All rights reserved.
--> Parameter TMPDIR set to xst/projnav.tmp


Total REAL time to Xst completion: 1.00 secs
Total CPU time to Xst completion: 0.39 secs
 
--> Parameter xsthdpdir set to xst


Total REAL time to Xst completion: 1.00 secs
Total CPU time to Xst completion: 0.39 secs
 
--> Reading design: TemperatureCalculator.prj

TABLE OF CONTENTS
  1) Synthesis Options Summary
  2) HDL Parsing
  3) HDL Elaboration
  4) HDL Synthesis
       4.1) HDL Synthesis Report
  5) Advanced HDL Synthesis
       5.1) Advanced HDL Synthesis Report
  6) Low Level Synthesis
  7) Partition Report
  8) Design Summary
       8.1) Primitive and Black Box Usage
       8.2) Device utilization summary
       8.3) Partition Resource Summary
       8.4) Timing Report
            8.4.1) Clock Information
            8.4.2) Asynchronous Control Signals Information
            8.4.3) Timing Summary
            8.4.4) Timing Details
            8.4.5) Cross Clock Domains Report


=========================================================================
*                      Synthesis Options Summary                        *
=========================================================================
---- Source Parameters
Input File Name                    : "TemperatureCalculator.prj"
Ignore Synthesis Constraint File   : NO

---- Target Parameters
Output File Name                   : "TemperatureCalculator"
Output Format                      : NGC
Target Device                      : xc6slx4-3-tqg144

---- Source Options
Top Module Name                    : TemperatureCalculator
Automatic FSM Extraction           : YES
FSM Encoding Algorithm             : Auto
Safe Implementation                : No
FSM Style                          : LUT
RAM Extraction                     : Yes
RAM Style                          : Auto
ROM Extraction                     : Yes
Shift Register Extraction          : YES
ROM Style                          : Auto
Resource Sharing                   : YES
Asynchronous To Synchronous        : NO
Shift Register Minimum Size        : 2
Use DSP Block                      : Auto
Automatic Register Balancing       : No

---- Target Options
LUT Combining                      : Auto
Reduce Control Sets                : Auto
Add IO Buffers                     : YES
Global Maximum Fanout              : 100000
Add Generic Clock Buffer(BUFG)     : 16
Register Duplication               : YES
Optimize Instantiated Primitives   : NO
Use Clock Enable                   : Auto
Use Synchronous Set                : Auto
Use Synchronous Reset              : Auto
Pack IO Registers into IOBs        : Auto
Equivalent register Removal        : YES

---- General Options
Optimization Goal                  : Speed
Optimization Effort                : 1
Power Reduction                    : NO
Keep Hierarchy                     : No
Netlist Hierarchy                  : As_Optimized
RTL Output                         : Yes
Global Optimization                : AllClockNets
Read Cores                         : YES
Write Timing Constraints           : NO
Cross Clock Analysis               : NO
Hierarchy Separator                : /
Bus Delimiter                      : <>
Case Specifier                     : Maintain
Slice Utilization Ratio            : 100
BRAM Utilization Ratio             : 100
DSP48 Utilization Ratio            : 100
Auto BRAM Packing                  : NO
Slice Utilization Ratio Delta      : 5

=========================================================================


=========================================================================
*                          HDL Parsing                                  *
=========================================================================
Analyzing Verilog file "C:\Users\f\Desktop\rojina\madar Manteghi\Smart Home Management System\Module01\Multiplier8x8.v" into library work
Parsing module <Multiplier8x8>.
Analyzing Verilog file "C:\Users\f\Desktop\rojina\madar Manteghi\Smart Home Management System\Module01\Multiplier16x16.v" into library work
Parsing module <Multiplier16x16>.
Analyzing Verilog file "C:\Users\f\Desktop\rojina\madar Manteghi\Smart Home Management System\Module01\AdderSubtractor32bit.v" into library work
Parsing module <AdderSubtractor32x32>.
Analyzing Verilog file "C:\Users\f\Desktop\rojina\madar Manteghi\Smart Home Management System\Module01\TemperatureCalculator.v" into library work
Parsing module <TemperatureCalculator>.

=========================================================================
*                            HDL Elaboration                            *
=========================================================================

Elaborating module <TemperatureCalculator>.

Elaborating module <Multiplier8x8>.

Elaborating module <Multiplier16x16>.

Elaborating module <AdderSubtractor32x32>.

=========================================================================
*                           HDL Synthesis                               *
=========================================================================

Synthesizing Unit <TemperatureCalculator>.
    Related source file is "C:\Users\f\Desktop\rojina\madar Manteghi\Smart Home Management System\Module01\TemperatureCalculator.v".
    Found 8-bit subtractor for signal <tc_ref[7]_GND_1_o_sub_1_OUT> created at line 35.
    Summary:
	inferred   1 Adder/Subtractor(s).
	inferred   1 Multiplexer(s).
Unit <TemperatureCalculator> synthesized.

Synthesizing Unit <Multiplier8x8>.
    Related source file is "C:\Users\f\Desktop\rojina\madar Manteghi\Smart Home Management System\Module01\Multiplier8x8.v".
    Found 8x8-bit multiplier for signal <P> created at line 30.
    Summary:
	inferred   1 Multiplier(s).
Unit <Multiplier8x8> synthesized.

Synthesizing Unit <Multiplier16x16>.
    Related source file is "C:\Users\f\Desktop\rojina\madar Manteghi\Smart Home Management System\Module01\Multiplier16x16.v".
    Found 16x16-bit multiplier for signal <P> created at line 30.
    Summary:
	inferred   1 Multiplier(s).
Unit <Multiplier16x16> synthesized.

Synthesizing Unit <AdderSubtractor32x32>.
    Related source file is "C:\Users\f\Desktop\rojina\madar Manteghi\Smart Home Management System\Module01\AdderSubtractor32bit.v".
    Found 32-bit subtractor for signal <A[31]_B[31]_sub_1_OUT> created at line 31.
    Found 32-bit adder for signal <A[31]_B[31]_add_1_OUT> created at line 31.
    Summary:
	inferred   1 Adder/Subtractor(s).
Unit <AdderSubtractor32x32> synthesized.

=========================================================================
HDL Synthesis Report

Macro Statistics
# Multipliers                                          : 2
 16x16-bit multiplier                                  : 1
 8x8-bit multiplier                                    : 1
# Adders/Subtractors                                   : 2
 32-bit addsub                                         : 1
 8-bit subtractor                                      : 1
# Multiplexers                                         : 1
 8-bit 2-to-1 multiplexer                              : 1

=========================================================================

=========================================================================
*                       Advanced HDL Synthesis                          *
=========================================================================


=========================================================================
Advanced HDL Synthesis Report

Macro Statistics
# Multipliers                                          : 2
 16x16-bit multiplier                                  : 1
 8x8-bit multiplier                                    : 1
# Adders/Subtractors                                   : 2
 32-bit addsub                                         : 1
 8-bit subtractor                                      : 1
# Multiplexers                                         : 1
 8-bit 2-to-1 multiplexer                              : 1

=========================================================================

=========================================================================
*                         Low Level Synthesis                           *
=========================================================================

Optimizing unit <TemperatureCalculator> ...

Mapping all equations...
Building and optimizing final netlist ...
Found area constraint ratio of 100 (+ 5) on block TemperatureCalculator, actual ratio is 1.

Final Macro Processing ...

=========================================================================
Final Register Report

Found no macro
=========================================================================

=========================================================================
*                           Partition Report                            *
=========================================================================

Partition Implementation Status
-------------------------------

  No Partitions were found in this design.

-------------------------------

=========================================================================
*                            Design Summary                             *
=========================================================================

Top Level Output File Name         : TemperatureCalculator.ngc

Primitive and Black Box Usage:
------------------------------
# BELS                             : 106
#      GND                         : 1
#      LUT2                        : 7
#      LUT3                        : 29
#      LUT4                        : 1
#      LUT5                        : 1
#      LUT6                        : 3
#      MUXCY                       : 31
#      VCC                         : 1
#      XORCY                       : 32
# IO Buffers                       : 88
#      IBUF                        : 56
#      OBUF                        : 32
# DSPs                             : 2
#      DSP48A1                     : 2

Device utilization summary:
---------------------------

Selected Device : 6slx4tqg144-3 


Slice Logic Utilization: 
 Number of Slice LUTs:                   41  out of   2400     1%  
    Number used as Logic:                41  out of   2400     1%  

Slice Logic Distribution: 
 Number of LUT Flip Flop pairs used:     41
   Number with an unused Flip Flop:      41  out of     41   100%  
   Number with an unused LUT:             0  out of     41     0%  
   Number of fully used LUT-FF pairs:     0  out of     41     0%  
   Number of unique control sets:         0

IO Utilization: 
 Number of IOs:                          88
 Number of bonded IOBs:                  88  out of    102    86%  

Specific Feature Utilization:
 Number of DSP48A1s:                      2  out of      8    25%  

---------------------------
Partition Resource Summary:
---------------------------

  No Partitions were found in this design.

---------------------------


=========================================================================
Timing Report

NOTE: THESE TIMING NUMBERS ARE ONLY A SYNTHESIS ESTIMATE.
      FOR ACCURATE TIMING INFORMATION PLEASE REFER TO THE TRACE REPORT
      GENERATED AFTER PLACE-and-ROUTE.

Clock Information:
------------------
No clock signals found in this design

Asynchronous Control Signals Information:
----------------------------------------
No asynchronous control signals found in this design

Timing Summary:
---------------
Speed Grade: -3

   Minimum period: No path found
   Minimum input arrival time before clock: No path found
   Maximum output required time after clock: No path found
   Maximum combinational path delay: 16.124ns

Timing Details:
---------------
All values displayed in nanoseconds (ns)

=========================================================================
Timing constraint: Default path analysis
  Total number of paths / destination ports: 690597 / 32
-------------------------------------------------------------------------
Delay:               16.124ns (Levels of Logic = 39)
  Source:            tc_ref<4> (PAD)
  Destination:       tempc<31> (PAD)

  Data Path: tc_ref<4> to tempc<31>
                                Gate     Net
    Cell:in->out      fanout   Delay   Delay  Logical Name (Net Name)
    ----------------------------------------  ------------
     IBUF:I->O             3   1.222   0.995  tc_ref_4_IBUF (tc_ref_4_IBUF)
     LUT6:I1->O            2   0.203   0.617  ref<6>11 (ref<6>_bdd0)
     LUT3:I2->O            2   0.205   0.616  ref<7>1 (ref<7>)
     DSP48A1:B7->M15       1   3.364   0.579  mul8x8/Mmult_P (w_ref2<15>)
     DSP48A1:B15->M6       1   3.364   0.684  mul16x16/Mmult_P (w_numberator<6>)
     LUT3:I1->O            1   0.203   0.000  add1/Maddsub_S_lut<0> (add1/Maddsub_S_lut<0>)
     MUXCY:S->O            1   0.172   0.000  add1/Maddsub_S_cy<0> (add1/Maddsub_S_cy<0>)
     MUXCY:CI->O           1   0.019   0.000  add1/Maddsub_S_cy<1> (add1/Maddsub_S_cy<1>)
     MUXCY:CI->O           1   0.019   0.000  add1/Maddsub_S_cy<2> (add1/Maddsub_S_cy<2>)
     MUXCY:CI->O           1   0.019   0.000  add1/Maddsub_S_cy<3> (add1/Maddsub_S_cy<3>)
     MUXCY:CI->O           1   0.019   0.000  add1/Maddsub_S_cy<4> (add1/Maddsub_S_cy<4>)
     MUXCY:CI->O           1   0.019   0.000  add1/Maddsub_S_cy<5> (add1/Maddsub_S_cy<5>)
     MUXCY:CI->O           1   0.019   0.000  add1/Maddsub_S_cy<6> (add1/Maddsub_S_cy<6>)
     MUXCY:CI->O           1   0.019   0.000  add1/Maddsub_S_cy<7> (add1/Maddsub_S_cy<7>)
     MUXCY:CI->O           1   0.019   0.000  add1/Maddsub_S_cy<8> (add1/Maddsub_S_cy<8>)
     MUXCY:CI->O           1   0.019   0.000  add1/Maddsub_S_cy<9> (add1/Maddsub_S_cy<9>)
     MUXCY:CI->O           1   0.019   0.000  add1/Maddsub_S_cy<10> (add1/Maddsub_S_cy<10>)
     MUXCY:CI->O           1   0.019   0.000  add1/Maddsub_S_cy<11> (add1/Maddsub_S_cy<11>)
     MUXCY:CI->O           1   0.019   0.000  add1/Maddsub_S_cy<12> (add1/Maddsub_S_cy<12>)
     MUXCY:CI->O           1   0.019   0.000  add1/Maddsub_S_cy<13> (add1/Maddsub_S_cy<13>)
     MUXCY:CI->O           1   0.019   0.000  add1/Maddsub_S_cy<14> (add1/Maddsub_S_cy<14>)
     MUXCY:CI->O           1   0.019   0.000  add1/Maddsub_S_cy<15> (add1/Maddsub_S_cy<15>)
     MUXCY:CI->O           1   0.019   0.000  add1/Maddsub_S_cy<16> (add1/Maddsub_S_cy<16>)
     MUXCY:CI->O           1   0.019   0.000  add1/Maddsub_S_cy<17> (add1/Maddsub_S_cy<17>)
     MUXCY:CI->O           1   0.019   0.000  add1/Maddsub_S_cy<18> (add1/Maddsub_S_cy<18>)
     MUXCY:CI->O           1   0.019   0.000  add1/Maddsub_S_cy<19> (add1/Maddsub_S_cy<19>)
     MUXCY:CI->O           1   0.019   0.000  add1/Maddsub_S_cy<20> (add1/Maddsub_S_cy<20>)
     MUXCY:CI->O           1   0.019   0.000  add1/Maddsub_S_cy<21> (add1/Maddsub_S_cy<21>)
     MUXCY:CI->O           1   0.019   0.000  add1/Maddsub_S_cy<22> (add1/Maddsub_S_cy<22>)
     MUXCY:CI->O           1   0.019   0.000  add1/Maddsub_S_cy<23> (add1/Maddsub_S_cy<23>)
     MUXCY:CI->O           1   0.019   0.000  add1/Maddsub_S_cy<24> (add1/Maddsub_S_cy<24>)
     MUXCY:CI->O           1   0.019   0.000  add1/Maddsub_S_cy<25> (add1/Maddsub_S_cy<25>)
     MUXCY:CI->O           1   0.019   0.000  add1/Maddsub_S_cy<26> (add1/Maddsub_S_cy<26>)
     MUXCY:CI->O           1   0.019   0.000  add1/Maddsub_S_cy<27> (add1/Maddsub_S_cy<27>)
     MUXCY:CI->O           1   0.019   0.000  add1/Maddsub_S_cy<28> (add1/Maddsub_S_cy<28>)
     MUXCY:CI->O           1   0.019   0.000  add1/Maddsub_S_cy<29> (add1/Maddsub_S_cy<29>)
     MUXCY:CI->O           0   0.019   0.000  add1/Maddsub_S_cy<30> (add1/Maddsub_S_cy<30>)
     XORCY:CI->O           1   0.180   0.579  add1/Maddsub_S_xor<31> (tempc_31_OBUF)
     OBUF:I->O                 2.571          tempc_31_OBUF (tempc<31>)
    ----------------------------------------
    Total                     16.124ns (12.054ns logic, 4.070ns route)
                                       (74.8% logic, 25.2% route)

=========================================================================

Cross Clock Domains Report:
--------------------------

=========================================================================


Total REAL time to Xst completion: 10.00 secs
Total CPU time to Xst completion: 9.67 secs
 
--> 

Total memory usage is 4486812 kilobytes

Number of errors   :    0 (   0 filtered)
Number of warnings :    0 (   0 filtered)
Number of infos    :    0 (   0 filtered)

